#! /usr/bin/vvp
:ivl_version "11.0 (stable)";
:ivl_delay_selection "TYPICAL";
:vpi_time_precision + 0;
:vpi_module "/usr/lib/x86_64-linux-gnu/ivl/system.vpi";
:vpi_module "/usr/lib/x86_64-linux-gnu/ivl/vhdl_sys.vpi";
:vpi_module "/usr/lib/x86_64-linux-gnu/ivl/vhdl_textio.vpi";
:vpi_module "/usr/lib/x86_64-linux-gnu/ivl/v2005_math.vpi";
:vpi_module "/usr/lib/x86_64-linux-gnu/ivl/va_math.vpi";
S_0x560fab1a5d90 .scope module, "kernel_mux" "kernel_mux" 2 1;
 .timescale 0 0;
    .port_info 0 /INPUT 3 "tl_w";
    .port_info 1 /INPUT 3 "tr_w";
    .port_info 2 /INPUT 3 "bl_w";
    .port_info 3 /INPUT 3 "br_w";
    .port_info 4 /INPUT 3 "r_w";
    .port_info 5 /INPUT 3 "l_w";
    .port_info 6 /INPUT 3 "t_w";
    .port_info 7 /INPUT 3 "b_w";
    .port_info 8 /INPUT 4 "select";
    .port_info 9 /OUTPUT 4 "k_w";
o0x7f24466e8018 .functor BUFZ 3, C4<zzz>; HiZ drive
v0x560fab1a7ba0_0 .net "b_w", 0 2, o0x7f24466e8018;  0 drivers
o0x7f24466e8048 .functor BUFZ 3, C4<zzz>; HiZ drive
v0x560fab1f1af0_0 .net "bl_w", 0 2, o0x7f24466e8048;  0 drivers
o0x7f24466e8078 .functor BUFZ 3, C4<zzz>; HiZ drive
v0x560fab1f1bd0_0 .net "br_w", 0 2, o0x7f24466e8078;  0 drivers
v0x560fab1f1c90_0 .var "k_w", 0 3;
o0x7f24466e80d8 .functor BUFZ 3, C4<zzz>; HiZ drive
v0x560fab1f1d70_0 .net "l_w", 0 2, o0x7f24466e80d8;  0 drivers
o0x7f24466e8108 .functor BUFZ 3, C4<zzz>; HiZ drive
v0x560fab1f1ea0_0 .net "r_w", 0 2, o0x7f24466e8108;  0 drivers
o0x7f24466e8138 .functor BUFZ 4, C4<zzzz>; HiZ drive
v0x560fab1f1f80_0 .net "select", 0 3, o0x7f24466e8138;  0 drivers
o0x7f24466e8168 .functor BUFZ 3, C4<zzz>; HiZ drive
v0x560fab1f2060_0 .net "t_w", 0 2, o0x7f24466e8168;  0 drivers
o0x7f24466e8198 .functor BUFZ 3, C4<zzz>; HiZ drive
v0x560fab1f2140_0 .net "tl_w", 0 2, o0x7f24466e8198;  0 drivers
o0x7f24466e81c8 .functor BUFZ 3, C4<zzz>; HiZ drive
v0x560fab1f2220_0 .net "tr_w", 0 2, o0x7f24466e81c8;  0 drivers
E_0x560fab1dfeb0/0 .event edge, v0x560fab1f1f80_0, v0x560fab1f2140_0, v0x560fab1f2220_0, v0x560fab1f1af0_0;
E_0x560fab1dfeb0/1 .event edge, v0x560fab1f1bd0_0, v0x560fab1f1ea0_0, v0x560fab1f1d70_0, v0x560fab1f2060_0;
E_0x560fab1dfeb0/2 .event edge, v0x560fab1a7ba0_0;
E_0x560fab1dfeb0 .event/or E_0x560fab1dfeb0/0, E_0x560fab1dfeb0/1, E_0x560fab1dfeb0/2;
    .scope S_0x560fab1a5d90;
T_0 ;
    %wait E_0x560fab1dfeb0;
    %load/vec4 v0x560fab1f1f80_0;
    %dup/vec4;
    %pushi/vec4 1, 0, 4;
    %cmp/u;
    %jmp/1 T_0.0, 6;
    %dup/vec4;
    %pushi/vec4 2, 0, 4;
    %cmp/u;
    %jmp/1 T_0.1, 6;
    %dup/vec4;
    %pushi/vec4 3, 0, 4;
    %cmp/u;
    %jmp/1 T_0.2, 6;
    %dup/vec4;
    %pushi/vec4 4, 0, 4;
    %cmp/u;
    %jmp/1 T_0.3, 6;
    %dup/vec4;
    %pushi/vec4 5, 0, 4;
    %cmp/u;
    %jmp/1 T_0.4, 6;
    %dup/vec4;
    %pushi/vec4 6, 0, 4;
    %cmp/u;
    %jmp/1 T_0.5, 6;
    %dup/vec4;
    %pushi/vec4 7, 0, 4;
    %cmp/u;
    %jmp/1 T_0.6, 6;
    %dup/vec4;
    %pushi/vec4 8, 0, 4;
    %cmp/u;
    %jmp/1 T_0.7, 6;
    %pushi/vec4 0, 0, 4;
    %store/vec4 v0x560fab1f1c90_0, 0, 4;
    %jmp T_0.9;
T_0.0 ;
    %load/vec4 v0x560fab1f2140_0;
    %pad/u 4;
    %store/vec4 v0x560fab1f1c90_0, 0, 4;
    %jmp T_0.9;
T_0.1 ;
    %load/vec4 v0x560fab1f2220_0;
    %pad/u 4;
    %store/vec4 v0x560fab1f1c90_0, 0, 4;
    %jmp T_0.9;
T_0.2 ;
    %load/vec4 v0x560fab1f1af0_0;
    %pad/u 4;
    %store/vec4 v0x560fab1f1c90_0, 0, 4;
    %jmp T_0.9;
T_0.3 ;
    %load/vec4 v0x560fab1f1bd0_0;
    %pad/u 4;
    %store/vec4 v0x560fab1f1c90_0, 0, 4;
    %jmp T_0.9;
T_0.4 ;
    %load/vec4 v0x560fab1f1ea0_0;
    %pad/u 4;
    %store/vec4 v0x560fab1f1c90_0, 0, 4;
    %jmp T_0.9;
T_0.5 ;
    %load/vec4 v0x560fab1f1d70_0;
    %pad/u 4;
    %store/vec4 v0x560fab1f1c90_0, 0, 4;
    %jmp T_0.9;
T_0.6 ;
    %load/vec4 v0x560fab1f2060_0;
    %pad/u 4;
    %store/vec4 v0x560fab1f1c90_0, 0, 4;
    %jmp T_0.9;
T_0.7 ;
    %load/vec4 v0x560fab1a7ba0_0;
    %pad/u 4;
    %store/vec4 v0x560fab1f1c90_0, 0, 4;
    %jmp T_0.9;
T_0.9 ;
    %pop/vec4 1;
    %jmp T_0;
    .thread T_0, $push;
# The file index is used to find the file name in the following table.
:file_names 3;
    "N/A";
    "<interactive>";
    "kernel_wmux.v";
